<?xml version="1.0" encoding="UTF-8"?>
<!-- Generated by org.testng.reporters.JUnitXMLReporter -->
<testsuite ignored="0" hostname="DESKTOP-8VVGM8J" failures="0" tests="4" name="Test" time="7.233" errors="0" timestamp="2023-12-09T11:13:19 IST">
  <testcase classname="API_Chaining.CreateUserChain" name="test_createUser" time="3.393"/>
  <testcase classname="API_Chaining.GetUserChain" name="test_getUser" time="0.822"/>
  <testcase classname="API_Chaining.UpdateUserChain" name="test_updateUser" time="2.137"/>
  <testcase classname="API_Chaining.DeleteUserChain" name="test_deleteUser" time="0.805"/>
</testsuite> <!-- Test -->
