<?xml version="1.0" encoding="UTF-8"?>
<testng-results ignored="0" total="4" passed="4" failed="0" skipped="0">
  <reporter-output>
  </reporter-output>
  <suite started-at="2023-12-09T11:13:11 IST" name="Suite" finished-at="2023-12-09T11:13:19 IST" duration-ms="7233">
    <groups>
    </groups>
    <test started-at="2023-12-09T11:13:11 IST" name="Test" finished-at="2023-12-09T11:13:19 IST" duration-ms="7233">
      <class name="API_Chaining.CreateUserChain">
        <test-method signature="test_createUser(org.testng.ITestContext)[pri:0, instance:API_Chaining.CreateUserChain@245b4bdc]" started-at="2023-12-09T11:13:12 IST" name="test_createUser" finished-at="2023-12-09T11:13:15 IST" duration-ms="3393" status="PASS">
          <params>
            <param index="0">
              <value>
                <![CDATA[org.testng.TestRunner@2d2ffcb7]]>
              </value>
            </param>
          </params>
          <reporter-output>
          </reporter-output>
        </test-method> <!-- test_createUser -->
      </class> <!-- API_Chaining.CreateUserChain -->
      <class name="API_Chaining.UpdateUserChain">
        <test-method signature="test_updateUser(org.testng.ITestContext)[pri:0, instance:API_Chaining.UpdateUserChain@478190fc]" started-at="2023-12-09T11:13:16 IST" name="test_updateUser" finished-at="2023-12-09T11:13:18 IST" duration-ms="2137" status="PASS">
          <params>
            <param index="0">
              <value>
                <![CDATA[org.testng.TestRunner@2d2ffcb7]]>
              </value>
            </param>
          </params>
          <reporter-output>
          </reporter-output>
        </test-method> <!-- test_updateUser -->
      </class> <!-- API_Chaining.UpdateUserChain -->
      <class name="API_Chaining.DeleteUserChain">
        <test-method signature="test_deleteUser(org.testng.ITestContext)[pri:0, instance:API_Chaining.DeleteUserChain@79e2c065]" started-at="2023-12-09T11:13:18 IST" name="test_deleteUser" finished-at="2023-12-09T11:13:19 IST" duration-ms="805" status="PASS">
          <params>
            <param index="0">
              <value>
                <![CDATA[org.testng.TestRunner@2d2ffcb7]]>
              </value>
            </param>
          </params>
          <reporter-output>
          </reporter-output>
        </test-method> <!-- test_deleteUser -->
      </class> <!-- API_Chaining.DeleteUserChain -->
      <class name="API_Chaining.GetUserChain">
        <test-method signature="test_getUser(org.testng.ITestContext)[pri:0, instance:API_Chaining.GetUserChain@38c6f217]" started-at="2023-12-09T11:13:15 IST" name="test_getUser" finished-at="2023-12-09T11:13:16 IST" duration-ms="822" status="PASS">
          <params>
            <param index="0">
              <value>
                <![CDATA[org.testng.TestRunner@2d2ffcb7]]>
              </value>
            </param>
          </params>
          <reporter-output>
          </reporter-output>
        </test-method> <!-- test_getUser -->
      </class> <!-- API_Chaining.GetUserChain -->
    </test> <!-- Test -->
  </suite> <!-- Suite -->
</testng-results>
